# JRE version: OpenJDK Runtime Environment Temurin-17.0.7+7 (17.0.7+7) (build 17.0.7+7)
# Java VM: OpenJDK 64-Bit Server VM Temurin-17.0.7+7 (17.0.7+7, mixed mode, emulated-client, tiered, compressed oops, compressed class ptrs, g1 gc, windows-amd64)
GC Precious Log:
 CPUs: 8 total, 8 available
 Memory: 7967M
 Large Page Support: Disabled
 NUMA Support: Disabled
 Compressed Oops: Enabled (32-bit)
 Heap Region Size: 1M
 Heap Min Capacity: 8M
 Heap Initial Capacity: 126M
 Heap Max Capacity: 1G
 Pre-touch: Disabled
 Parallel Workers: 8
 Concurrent Workers: 2
 Concurrent Refinement Workers: 8
 Periodic GC: Disabled
Heap:
 garbage-first heap   total 432128K, used 217626K [0x00000000c0000000, 0x0000000100000000)
  region size 1024K, 11 young (11264K), 11 survivors (11264K)
 Metaspace       used 63110K, committed 63616K, reserved 1114112K
  class space    used 8026K, committed 8256K, reserved 1048576K
GC Heap History (20 events):
Event: 23.180 GC heap after
{Heap after GC invocations=37 (full 0):
 garbage-first heap   total 357376K, used 171895K [0x00000000c0000000, 0x0000000100000000)
  region size 1024K, 9 young (9216K), 9 survivors (9216K)
 Metaspace       used 61309K, committed 61824K, reserved 1114112K
  class space    used 7812K, committed 8064K, reserved 1048576K
}
Event: 23.855 GC heap before
{Heap before GC invocations=37 (full 0):
 garbage-first heap   total 357376K, used 297847K [0x00000000c0000000, 0x0000000100000000)
  region size 1024K, 133 young (136192K), 9 survivors (9216K)
 Metaspace       used 61862K, committed 62336K, reserved 1114112K
  class space    used 7883K, committed 8128K, reserved 1048576K
}
Event: 23.876 GC heap after
{Heap after GC invocations=38 (full 0):
 garbage-first heap   total 385024K, used 178285K [0x00000000c0000000, 0x0000000100000000)
  region size 1024K, 16 young (16384K), 16 survivors (16384K)
 Metaspace       used 61862K, committed 62336K, reserved 1114112K
  class space    used 7883K, committed 8128K, reserved 1048576K
}
Event: 26.198 GC heap before
{Heap before GC invocations=39 (full 0):
 garbage-first heap   total 385024K, used 320621K [0x00000000c0000000, 0x0000000100000000)
  region size 1024K, 155 young (158720K), 16 survivors (16384K)
 Metaspace       used 62978K, committed 63488K, reserved 1114112K
  class space    used 8012K, committed 8256K, reserved 1048576K
}
Event: 26.220 GC heap after
{Heap after GC invocations=40 (full 0):
 garbage-first heap   total 385024K, used 186988K [0x00000000c0000000, 0x0000000100000000)
  region size 1024K, 15 young (15360K), 15 survivors (15360K)
 Metaspace       used 62978K, committed 63488K, reserved 1114112K
  class space    used 8012K, committed 8256K, reserved 1048576K
}
Event: 26.234 GC heap before
{Heap before GC invocations=40 (full 0):
 garbage-first heap   total 385024K, used 189036K [0x00000000c0000000, 0x0000000100000000)
  region size 1024K, 18 young (18432K), 15 survivors (15360K)
 Metaspace       used 62978K, committed 63488K, reserved 1114112K
  class space    used 8012K, committed 8256K, reserved 1048576K
}
Event: 26.254 GC heap after
{Heap after GC invocations=41 (full 0):
 garbage-first heap   total 385024K, used 185619K [0x00000000c0000000, 0x0000000100000000)
  region size 1024K, 3 young (3072K), 3 survivors (3072K)
 Metaspace       used 62978K, committed 63488K, reserved 1114112K
  class space    used 8012K, committed 8256K, reserved 1048576K
}
Event: 26.879 GC heap before
{Heap before GC invocations=41 (full 0):
 garbage-first heap   total 385024K, used 321811K [0x00000000c0000000, 0x0000000100000000)
  region size 1024K, 137 young (140288K), 3 survivors (3072K)
 Metaspace       used 62982K, committed 63488K, reserved 1114112K
  class space    used 8012K, committed 8256K, reserved 1048576K
}
Event: 26.890 GC heap after
{Heap after GC invocations=42 (full 0):
 garbage-first heap   total 385024K, used 189490K [0x00000000c0000000, 0x0000000100000000)
  region size 1024K, 7 young (7168K), 7 survivors (7168K)
 Metaspace       used 62982K, committed 63488K, reserved 1114112K
  class space    used 8012K, committed 8256K, reserved 1048576K
}
Event: 27.454 GC heap before
{Heap before GC invocations=43 (full 0):
 garbage-first heap   total 432128K, used 324658K [0x00000000c0000000, 0x0000000100000000)
  region size 1024K, 139 young (142336K), 7 survivors (7168K)
 Metaspace       used 63106K, committed 63616K, reserved 1114112K
  class space    used 8026K, committed 8256K, reserved 1048576K
}
Event: 27.474 GC heap after
{Heap after GC invocations=44 (full 0):
 garbage-first heap   total 432128K, used 198047K [0x00000000c0000000, 0x0000000100000000)
  region size 1024K, 15 young (15360K), 15 survivors (15360K)
 Metaspace       used 63106K, committed 63616K, reserved 1114112K
  class space    used 8026K, committed 8256K, reserved 1048576K
}
Event: 27.514 GC heap before
{Heap before GC invocations=44 (full 0):
 garbage-first heap   total 432128K, used 203167K [0x00000000c0000000, 0x0000000100000000)
  region size 1024K, 21 young (21504K), 15 survivors (15360K)
 Metaspace       used 63106K, committed 63616K, reserved 1114112K
  class space    used 8026K, committed 8256K, reserved 1048576K
}
Event: 27.541 GC heap after
{Heap after GC invocations=45 (full 0):
 garbage-first heap   total 432128K, used 197371K [0x00000000c0000000, 0x0000000100000000)
  region size 1024K, 3 young (3072K), 3 survivors (3072K)
 Metaspace       used 63106K, committed 63616K, reserved 1114112K
  class space    used 8026K, committed 8256K, reserved 1048576K
}
Event: 28.682 GC heap before
{Heap before GC invocations=45 (full 0):
 garbage-first heap   total 432128K, used 362235K [0x00000000c0000000, 0x0000000100000000)
  region size 1024K, 163 young (166912K), 3 survivors (3072K)
 Metaspace       used 63109K, committed 63616K, reserved 1114112K
  class space    used 8026K, committed 8256K, reserved 1048576K
}
Event: 28.700 GC heap after
{Heap after GC invocations=46 (full 0):
 garbage-first heap   total 432128K, used 206280K [0x00000000c0000000, 0x0000000100000000)
  region size 1024K, 10 young (10240K), 10 survivors (10240K)
 Metaspace       used 63109K, committed 63616K, reserved 1114112K
  class space    used 8026K, committed 8256K, reserved 1048576K
}
Event: 29.457 GC heap before
{Heap before GC invocations=46 (full 0):
 garbage-first heap   total 432128K, used 361928K [0x00000000c0000000, 0x0000000100000000)
  region size 1024K, 163 young (166912K), 10 survivors (10240K)
 Metaspace       used 63110K, committed 63616K, reserved 1114112K
  class space    used 8026K, committed 8256K, reserved 1048576K
}
Event: 29.479 GC heap after
{Heap after GC invocations=47 (full 0):
 garbage-first heap   total 432128K, used 216111K [0x00000000c0000000, 0x0000000100000000)
  region size 1024K, 20 young (20480K), 20 survivors (20480K)
 Metaspace       used 63110K, committed 63616K, reserved 1114112K
  class space    used 8026K, committed 8256K, reserved 1048576K
}
Event: 29.499 GC heap before
{Heap before GC invocations=47 (full 0):
 garbage-first heap   total 432128K, used 257071K [0x00000000c0000000, 0x0000000100000000)
  region size 1024K, 27 young (27648K), 20 survivors (20480K)
 Metaspace       used 63110K, committed 63616K, reserved 1114112K
  class space    used 8026K, committed 8256K, reserved 1048576K
}
Event: 29.521 GC heap after
{Heap after GC invocations=48 (full 0):
 garbage-first heap   total 432128K, used 217874K [0x00000000c0000000, 0x0000000100000000)
  region size 1024K, 11 young (11264K), 11 survivors (11264K)
 Metaspace       used 63110K, committed 63616K, reserved 1114112K
  class space    used 8026K, committed 8256K, reserved 1048576K
}
Event: 29.522 GC heap before
{Heap before GC invocations=48 (full 0):
 garbage-first heap   total 432128K, used 218898K [0x00000000c0000000, 0x0000000100000000)
  region size 1024K, 12 young (12288K), 11 survivors (11264K)
 Metaspace       used 63110K, committed 63616K, reserved 1114112K
  class space    used 8026K, committed 8256K, reserved 1048576K
}

